<?xml version="1.0" encoding="UTF-8"?>
<testsuite xmlns:xsi="http://www.w3.org/2001/XMLSchema-instance" xsi:noNamespaceSchemaLocation="https://maven.apache.org/surefire/maven-surefire-plugin/xsd/surefire-test-report.xsd" name="cn.itcast.mq.spring.SpringAmqpTest" time="0.001" tests="1" errors="1" skipped="0" failures="0">
  <properties>
    <property name="gopherProxySet" value="false"/>
    <property name="awt.toolkit" value="sun.lwawt.macosx.LWCToolkit"/>
    <property name="file.encoding.pkg" value="sun.io"/>
    <property name="java.specification.version" value="1.8"/>
    <property name="sun.cpu.isalist" value=""/>
    <property name="sun.jnu.encoding" value="UTF-8"/>
    <property name="java.class.path" value="/Users/liuzongshuai/Documents/workspace/spring_cloud_03/publisher/target/test-classes:/Users/liuzongshuai/Documents/workspace/spring_cloud_03/publisher/target/classes:/Users/liuzongshuai/Documents/Software/maven/maven-3.9.0/repository/org/projectlombok/lombok/1.18.18/lombok-1.18.18.jar:/Users/liuzongshuai/Documents/Software/maven/maven-3.9.0/repository/org/springframework/boot/spring-boot-starter-amqp/2.3.9.RELEASE/spring-boot-starter-amqp-2.3.9.RELEASE.jar:/Users/liuzongshuai/Documents/Software/maven/maven-3.9.0/repository/org/springframework/boot/spring-boot-starter/2.3.9.RELEASE/spring-boot-starter-2.3.9.RELEASE.jar:/Users/liuzongshuai/Documents/Software/maven/maven-3.9.0/repository/org/springframework/boot/spring-boot/2.3.9.RELEASE/spring-boot-2.3.9.RELEASE.jar:/Users/liuzongshuai/Documents/Software/maven/maven-3.9.0/repository/org/springframework/boot/spring-boot-autoconfigure/2.3.9.RELEASE/spring-boot-autoconfigure-2.3.9.RELEASE.jar:/Users/liuzongshuai/Documents/Software/maven/maven-3.9.0/repository/org/springframework/boot/spring-boot-starter-logging/2.3.9.RELEASE/spring-boot-starter-logging-2.3.9.RELEASE.jar:/Users/liuzongshuai/Documents/Software/maven/maven-3.9.0/repository/ch/qos/logback/logback-classic/1.2.3/logback-classic-1.2.3.jar:/Users/liuzongshuai/Documents/Software/maven/maven-3.9.0/repository/ch/qos/logback/logback-core/1.2.3/logback-core-1.2.3.jar:/Users/liuzongshuai/Documents/Software/maven/maven-3.9.0/repository/org/apache/logging/log4j/log4j-to-slf4j/2.13.3/log4j-to-slf4j-2.13.3.jar:/Users/liuzongshuai/Documents/Software/maven/maven-3.9.0/repository/org/apache/logging/log4j/log4j-api/2.13.3/log4j-api-2.13.3.jar:/Users/liuzongshuai/Documents/Software/maven/maven-3.9.0/repository/org/slf4j/jul-to-slf4j/1.7.30/jul-to-slf4j-1.7.30.jar:/Users/liuzongshuai/Documents/Software/maven/maven-3.9.0/repository/jakarta/annotation/jakarta.annotation-api/1.3.5/jakarta.annotation-api-1.3.5.jar:/Users/liuzongshuai/Documents/Software/maven/maven-3.9.0/repository/org/yaml/snakeyaml/1.26/snakeyaml-1.26.jar:/Users/liuzongshuai/Documents/Software/maven/maven-3.9.0/repository/org/springframework/spring-messaging/5.2.13.RELEASE/spring-messaging-5.2.13.RELEASE.jar:/Users/liuzongshuai/Documents/Software/maven/maven-3.9.0/repository/org/springframework/spring-beans/5.2.13.RELEASE/spring-beans-5.2.13.RELEASE.jar:/Users/liuzongshuai/Documents/Software/maven/maven-3.9.0/repository/org/springframework/amqp/spring-rabbit/2.2.15.RELEASE/spring-rabbit-2.2.15.RELEASE.jar:/Users/liuzongshuai/Documents/Software/maven/maven-3.9.0/repository/com/rabbitmq/amqp-client/5.9.0/amqp-client-5.9.0.jar:/Users/liuzongshuai/Documents/Software/maven/maven-3.9.0/repository/org/springframework/amqp/spring-amqp/2.2.15.RELEASE/spring-amqp-2.2.15.RELEASE.jar:/Users/liuzongshuai/Documents/Software/maven/maven-3.9.0/repository/org/springframework/retry/spring-retry/1.2.5.RELEASE/spring-retry-1.2.5.RELEASE.jar:/Users/liuzongshuai/Documents/Software/maven/maven-3.9.0/repository/org/springframework/spring-context/5.2.13.RELEASE/spring-context-5.2.13.RELEASE.jar:/Users/liuzongshuai/Documents/Software/maven/maven-3.9.0/repository/org/springframework/spring-aop/5.2.13.RELEASE/spring-aop-5.2.13.RELEASE.jar:/Users/liuzongshuai/Documents/Software/maven/maven-3.9.0/repository/org/springframework/spring-expression/5.2.13.RELEASE/spring-expression-5.2.13.RELEASE.jar:/Users/liuzongshuai/Documents/Software/maven/maven-3.9.0/repository/org/springframework/spring-tx/5.2.13.RELEASE/spring-tx-5.2.13.RELEASE.jar:/Users/liuzongshuai/Documents/Software/maven/maven-3.9.0/repository/org/springframework/boot/spring-boot-starter-test/2.3.9.RELEASE/spring-boot-starter-test-2.3.9.RELEASE.jar:/Users/liuzongshuai/Documents/Software/maven/maven-3.9.0/repository/org/springframework/boot/spring-boot-test/2.3.9.RELEASE/spring-boot-test-2.3.9.RELEASE.jar:/Users/liuzongshuai/Documents/Software/maven/maven-3.9.0/repository/org/springframework/boot/spring-boot-test-autoconfigure/2.3.9.RELEASE/spring-boot-test-autoconfigure-2.3.9.RELEASE.jar:/Users/liuzongshuai/Documents/Software/maven/maven-3.9.0/repository/com/jayway/jsonpath/json-path/2.4.0/json-path-2.4.0.jar:/Users/liuzongshuai/Documents/Software/maven/maven-3.9.0/repository/net/minidev/json-smart/2.3/json-smart-2.3.jar:/Users/liuzongshuai/Documents/Software/maven/maven-3.9.0/repository/net/minidev/accessors-smart/1.2/accessors-smart-1.2.jar:/Users/liuzongshuai/Documents/Software/maven/maven-3.9.0/repository/org/ow2/asm/asm/5.0.4/asm-5.0.4.jar:/Users/liuzongshuai/Documents/Software/maven/maven-3.9.0/repository/org/slf4j/slf4j-api/1.7.30/slf4j-api-1.7.30.jar:/Users/liuzongshuai/Documents/Software/maven/maven-3.9.0/repository/jakarta/xml/bind/jakarta.xml.bind-api/2.3.3/jakarta.xml.bind-api-2.3.3.jar:/Users/liuzongshuai/Documents/Software/maven/maven-3.9.0/repository/jakarta/activation/jakarta.activation-api/1.2.2/jakarta.activation-api-1.2.2.jar:/Users/liuzongshuai/Documents/Software/maven/maven-3.9.0/repository/org/assertj/assertj-core/3.16.1/assertj-core-3.16.1.jar:/Users/liuzongshuai/Documents/Software/maven/maven-3.9.0/repository/org/hamcrest/hamcrest/2.2/hamcrest-2.2.jar:/Users/liuzongshuai/Documents/Software/maven/maven-3.9.0/repository/org/junit/jupiter/junit-jupiter/5.6.3/junit-jupiter-5.6.3.jar:/Users/liuzongshuai/Documents/Software/maven/maven-3.9.0/repository/org/junit/jupiter/junit-jupiter-api/5.6.3/junit-jupiter-api-5.6.3.jar:/Users/liuzongshuai/Documents/Software/maven/maven-3.9.0/repository/org/opentest4j/opentest4j/1.2.0/opentest4j-1.2.0.jar:/Users/liuzongshuai/Documents/Software/maven/maven-3.9.0/repository/org/junit/platform/junit-platform-commons/1.6.3/junit-platform-commons-1.6.3.jar:/Users/liuzongshuai/Documents/Software/maven/maven-3.9.0/repository/org/junit/jupiter/junit-jupiter-params/5.6.3/junit-jupiter-params-5.6.3.jar:/Users/liuzongshuai/Documents/Software/maven/maven-3.9.0/repository/org/junit/jupiter/junit-jupiter-engine/5.6.3/junit-jupiter-engine-5.6.3.jar:/Users/liuzongshuai/Documents/Software/maven/maven-3.9.0/repository/org/junit/vintage/junit-vintage-engine/5.6.3/junit-vintage-engine-5.6.3.jar:/Users/liuzongshuai/Documents/Software/maven/maven-3.9.0/repository/org/apiguardian/apiguardian-api/1.1.0/apiguardian-api-1.1.0.jar:/Users/liuzongshuai/Documents/Software/maven/maven-3.9.0/repository/org/junit/platform/junit-platform-engine/1.6.3/junit-platform-engine-1.6.3.jar:/Users/liuzongshuai/Documents/Software/maven/maven-3.9.0/repository/junit/junit/4.13.2/junit-4.13.2.jar:/Users/liuzongshuai/Documents/Software/maven/maven-3.9.0/repository/org/mockito/mockito-core/3.3.3/mockito-core-3.3.3.jar:/Users/liuzongshuai/Documents/Software/maven/maven-3.9.0/repository/net/bytebuddy/byte-buddy/1.10.20/byte-buddy-1.10.20.jar:/Users/liuzongshuai/Documents/Software/maven/maven-3.9.0/repository/net/bytebuddy/byte-buddy-agent/1.10.20/byte-buddy-agent-1.10.20.jar:/Users/liuzongshuai/Documents/Software/maven/maven-3.9.0/repository/org/objenesis/objenesis/2.6/objenesis-2.6.jar:/Users/liuzongshuai/Documents/Software/maven/maven-3.9.0/repository/org/mockito/mockito-junit-jupiter/3.3.3/mockito-junit-jupiter-3.3.3.jar:/Users/liuzongshuai/Documents/Software/maven/maven-3.9.0/repository/org/skyscreamer/jsonassert/1.5.0/jsonassert-1.5.0.jar:/Users/liuzongshuai/Documents/Software/maven/maven-3.9.0/repository/com/vaadin/external/google/android-json/0.0.20131108.vaadin1/android-json-0.0.20131108.vaadin1.jar:/Users/liuzongshuai/Documents/Software/maven/maven-3.9.0/repository/org/springframework/spring-core/5.2.13.RELEASE/spring-core-5.2.13.RELEASE.jar:/Users/liuzongshuai/Documents/Software/maven/maven-3.9.0/repository/org/springframework/spring-jcl/5.2.13.RELEASE/spring-jcl-5.2.13.RELEASE.jar:/Users/liuzongshuai/Documents/Software/maven/maven-3.9.0/repository/org/springframework/spring-test/5.2.13.RELEASE/spring-test-5.2.13.RELEASE.jar:/Users/liuzongshuai/Documents/Software/maven/maven-3.9.0/repository/org/xmlunit/xmlunit-core/2.7.0/xmlunit-core-2.7.0.jar:/Users/liuzongshuai/Documents/Software/maven/maven-3.9.0/repository/com/fasterxml/jackson/core/jackson-databind/2.11.4/jackson-databind-2.11.4.jar:/Users/liuzongshuai/Documents/Software/maven/maven-3.9.0/repository/com/fasterxml/jackson/core/jackson-annotations/2.11.4/jackson-annotations-2.11.4.jar:/Users/liuzongshuai/Documents/Software/maven/maven-3.9.0/repository/com/fasterxml/jackson/core/jackson-core/2.11.4/jackson-core-2.11.4.jar:"/>
    <property name="java.vm.vendor" value="Oracle Corporation"/>
    <property name="sun.arch.data.model" value="64"/>
    <property name="java.vendor.url" value="http://java.oracle.com/"/>
    <property name="user.timezone" value=""/>
    <property name="java.vm.specification.version" value="1.8"/>
    <property name="os.name" value="Mac OS X"/>
    <property name="user.country" value="CN"/>
    <property name="sun.java.launcher" value="SUN_STANDARD"/>
    <property name="sun.boot.library.path" value="/Library/Java/JavaVirtualMachines/jdk1.8.0_361.jdk/Contents/Home/jre/lib"/>
    <property name="sun.java.command" value="/Users/liuzongshuai/Documents/workspace/spring_cloud_03/publisher/target/surefire/surefirebooter3796476525619379666.jar /Users/liuzongshuai/Documents/workspace/spring_cloud_03/publisher/target/surefire 2023-04-25T20-44-21_256-jvmRun1 surefire4419661888349586657tmp surefire_01592158090383780086tmp"/>
    <property name="http.nonProxyHosts" value="local|*.local|169.254/16|*.169.254/16"/>
    <property name="surefire.test.class.path" value="/Users/liuzongshuai/Documents/workspace/spring_cloud_03/publisher/target/test-classes:/Users/liuzongshuai/Documents/workspace/spring_cloud_03/publisher/target/classes:/Users/liuzongshuai/Documents/Software/maven/maven-3.9.0/repository/org/projectlombok/lombok/1.18.18/lombok-1.18.18.jar:/Users/liuzongshuai/Documents/Software/maven/maven-3.9.0/repository/org/springframework/boot/spring-boot-starter-amqp/2.3.9.RELEASE/spring-boot-starter-amqp-2.3.9.RELEASE.jar:/Users/liuzongshuai/Documents/Software/maven/maven-3.9.0/repository/org/springframework/boot/spring-boot-starter/2.3.9.RELEASE/spring-boot-starter-2.3.9.RELEASE.jar:/Users/liuzongshuai/Documents/Software/maven/maven-3.9.0/repository/org/springframework/boot/spring-boot/2.3.9.RELEASE/spring-boot-2.3.9.RELEASE.jar:/Users/liuzongshuai/Documents/Software/maven/maven-3.9.0/repository/org/springframework/boot/spring-boot-autoconfigure/2.3.9.RELEASE/spring-boot-autoconfigure-2.3.9.RELEASE.jar:/Users/liuzongshuai/Documents/Software/maven/maven-3.9.0/repository/org/springframework/boot/spring-boot-starter-logging/2.3.9.RELEASE/spring-boot-starter-logging-2.3.9.RELEASE.jar:/Users/liuzongshuai/Documents/Software/maven/maven-3.9.0/repository/ch/qos/logback/logback-classic/1.2.3/logback-classic-1.2.3.jar:/Users/liuzongshuai/Documents/Software/maven/maven-3.9.0/repository/ch/qos/logback/logback-core/1.2.3/logback-core-1.2.3.jar:/Users/liuzongshuai/Documents/Software/maven/maven-3.9.0/repository/org/apache/logging/log4j/log4j-to-slf4j/2.13.3/log4j-to-slf4j-2.13.3.jar:/Users/liuzongshuai/Documents/Software/maven/maven-3.9.0/repository/org/apache/logging/log4j/log4j-api/2.13.3/log4j-api-2.13.3.jar:/Users/liuzongshuai/Documents/Software/maven/maven-3.9.0/repository/org/slf4j/jul-to-slf4j/1.7.30/jul-to-slf4j-1.7.30.jar:/Users/liuzongshuai/Documents/Software/maven/maven-3.9.0/repository/jakarta/annotation/jakarta.annotation-api/1.3.5/jakarta.annotation-api-1.3.5.jar:/Users/liuzongshuai/Documents/Software/maven/maven-3.9.0/repository/org/yaml/snakeyaml/1.26/snakeyaml-1.26.jar:/Users/liuzongshuai/Documents/Software/maven/maven-3.9.0/repository/org/springframework/spring-messaging/5.2.13.RELEASE/spring-messaging-5.2.13.RELEASE.jar:/Users/liuzongshuai/Documents/Software/maven/maven-3.9.0/repository/org/springframework/spring-beans/5.2.13.RELEASE/spring-beans-5.2.13.RELEASE.jar:/Users/liuzongshuai/Documents/Software/maven/maven-3.9.0/repository/org/springframework/amqp/spring-rabbit/2.2.15.RELEASE/spring-rabbit-2.2.15.RELEASE.jar:/Users/liuzongshuai/Documents/Software/maven/maven-3.9.0/repository/com/rabbitmq/amqp-client/5.9.0/amqp-client-5.9.0.jar:/Users/liuzongshuai/Documents/Software/maven/maven-3.9.0/repository/org/springframework/amqp/spring-amqp/2.2.15.RELEASE/spring-amqp-2.2.15.RELEASE.jar:/Users/liuzongshuai/Documents/Software/maven/maven-3.9.0/repository/org/springframework/retry/spring-retry/1.2.5.RELEASE/spring-retry-1.2.5.RELEASE.jar:/Users/liuzongshuai/Documents/Software/maven/maven-3.9.0/repository/org/springframework/spring-context/5.2.13.RELEASE/spring-context-5.2.13.RELEASE.jar:/Users/liuzongshuai/Documents/Software/maven/maven-3.9.0/repository/org/springframework/spring-aop/5.2.13.RELEASE/spring-aop-5.2.13.RELEASE.jar:/Users/liuzongshuai/Documents/Software/maven/maven-3.9.0/repository/org/springframework/spring-expression/5.2.13.RELEASE/spring-expression-5.2.13.RELEASE.jar:/Users/liuzongshuai/Documents/Software/maven/maven-3.9.0/repository/org/springframework/spring-tx/5.2.13.RELEASE/spring-tx-5.2.13.RELEASE.jar:/Users/liuzongshuai/Documents/Software/maven/maven-3.9.0/repository/org/springframework/boot/spring-boot-starter-test/2.3.9.RELEASE/spring-boot-starter-test-2.3.9.RELEASE.jar:/Users/liuzongshuai/Documents/Software/maven/maven-3.9.0/repository/org/springframework/boot/spring-boot-test/2.3.9.RELEASE/spring-boot-test-2.3.9.RELEASE.jar:/Users/liuzongshuai/Documents/Software/maven/maven-3.9.0/repository/org/springframework/boot/spring-boot-test-autoconfigure/2.3.9.RELEASE/spring-boot-test-autoconfigure-2.3.9.RELEASE.jar:/Users/liuzongshuai/Documents/Software/maven/maven-3.9.0/repository/com/jayway/jsonpath/json-path/2.4.0/json-path-2.4.0.jar:/Users/liuzongshuai/Documents/Software/maven/maven-3.9.0/repository/net/minidev/json-smart/2.3/json-smart-2.3.jar:/Users/liuzongshuai/Documents/Software/maven/maven-3.9.0/repository/net/minidev/accessors-smart/1.2/accessors-smart-1.2.jar:/Users/liuzongshuai/Documents/Software/maven/maven-3.9.0/repository/org/ow2/asm/asm/5.0.4/asm-5.0.4.jar:/Users/liuzongshuai/Documents/Software/maven/maven-3.9.0/repository/org/slf4j/slf4j-api/1.7.30/slf4j-api-1.7.30.jar:/Users/liuzongshuai/Documents/Software/maven/maven-3.9.0/repository/jakarta/xml/bind/jakarta.xml.bind-api/2.3.3/jakarta.xml.bind-api-2.3.3.jar:/Users/liuzongshuai/Documents/Software/maven/maven-3.9.0/repository/jakarta/activation/jakarta.activation-api/1.2.2/jakarta.activation-api-1.2.2.jar:/Users/liuzongshuai/Documents/Software/maven/maven-3.9.0/repository/org/assertj/assertj-core/3.16.1/assertj-core-3.16.1.jar:/Users/liuzongshuai/Documents/Software/maven/maven-3.9.0/repository/org/hamcrest/hamcrest/2.2/hamcrest-2.2.jar:/Users/liuzongshuai/Documents/Software/maven/maven-3.9.0/repository/org/junit/jupiter/junit-jupiter/5.6.3/junit-jupiter-5.6.3.jar:/Users/liuzongshuai/Documents/Software/maven/maven-3.9.0/repository/org/junit/jupiter/junit-jupiter-api/5.6.3/junit-jupiter-api-5.6.3.jar:/Users/liuzongshuai/Documents/Software/maven/maven-3.9.0/repository/org/opentest4j/opentest4j/1.2.0/opentest4j-1.2.0.jar:/Users/liuzongshuai/Documents/Software/maven/maven-3.9.0/repository/org/junit/platform/junit-platform-commons/1.6.3/junit-platform-commons-1.6.3.jar:/Users/liuzongshuai/Documents/Software/maven/maven-3.9.0/repository/org/junit/jupiter/junit-jupiter-params/5.6.3/junit-jupiter-params-5.6.3.jar:/Users/liuzongshuai/Documents/Software/maven/maven-3.9.0/repository/org/junit/jupiter/junit-jupiter-engine/5.6.3/junit-jupiter-engine-5.6.3.jar:/Users/liuzongshuai/Documents/Software/maven/maven-3.9.0/repository/org/junit/vintage/junit-vintage-engine/5.6.3/junit-vintage-engine-5.6.3.jar:/Users/liuzongshuai/Documents/Software/maven/maven-3.9.0/repository/org/apiguardian/apiguardian-api/1.1.0/apiguardian-api-1.1.0.jar:/Users/liuzongshuai/Documents/Software/maven/maven-3.9.0/repository/org/junit/platform/junit-platform-engine/1.6.3/junit-platform-engine-1.6.3.jar:/Users/liuzongshuai/Documents/Software/maven/maven-3.9.0/repository/junit/junit/4.13.2/junit-4.13.2.jar:/Users/liuzongshuai/Documents/Software/maven/maven-3.9.0/repository/org/mockito/mockito-core/3.3.3/mockito-core-3.3.3.jar:/Users/liuzongshuai/Documents/Software/maven/maven-3.9.0/repository/net/bytebuddy/byte-buddy/1.10.20/byte-buddy-1.10.20.jar:/Users/liuzongshuai/Documents/Software/maven/maven-3.9.0/repository/net/bytebuddy/byte-buddy-agent/1.10.20/byte-buddy-agent-1.10.20.jar:/Users/liuzongshuai/Documents/Software/maven/maven-3.9.0/repository/org/objenesis/objenesis/2.6/objenesis-2.6.jar:/Users/liuzongshuai/Documents/Software/maven/maven-3.9.0/repository/org/mockito/mockito-junit-jupiter/3.3.3/mockito-junit-jupiter-3.3.3.jar:/Users/liuzongshuai/Documents/Software/maven/maven-3.9.0/repository/org/skyscreamer/jsonassert/1.5.0/jsonassert-1.5.0.jar:/Users/liuzongshuai/Documents/Software/maven/maven-3.9.0/repository/com/vaadin/external/google/android-json/0.0.20131108.vaadin1/android-json-0.0.20131108.vaadin1.jar:/Users/liuzongshuai/Documents/Software/maven/maven-3.9.0/repository/org/springframework/spring-core/5.2.13.RELEASE/spring-core-5.2.13.RELEASE.jar:/Users/liuzongshuai/Documents/Software/maven/maven-3.9.0/repository/org/springframework/spring-jcl/5.2.13.RELEASE/spring-jcl-5.2.13.RELEASE.jar:/Users/liuzongshuai/Documents/Software/maven/maven-3.9.0/repository/org/springframework/spring-test/5.2.13.RELEASE/spring-test-5.2.13.RELEASE.jar:/Users/liuzongshuai/Documents/Software/maven/maven-3.9.0/repository/org/xmlunit/xmlunit-core/2.7.0/xmlunit-core-2.7.0.jar:/Users/liuzongshuai/Documents/Software/maven/maven-3.9.0/repository/com/fasterxml/jackson/core/jackson-databind/2.11.4/jackson-databind-2.11.4.jar:/Users/liuzongshuai/Documents/Software/maven/maven-3.9.0/repository/com/fasterxml/jackson/core/jackson-annotations/2.11.4/jackson-annotations-2.11.4.jar:/Users/liuzongshuai/Documents/Software/maven/maven-3.9.0/repository/com/fasterxml/jackson/core/jackson-core/2.11.4/jackson-core-2.11.4.jar:"/>
    <property name="sun.cpu.endian" value="little"/>
    <property name="user.home" value="/Users/liuzongshuai"/>
    <property name="user.language" value="zh"/>
    <property name="java.specification.vendor" value="Oracle Corporation"/>
    <property name="java.home" value="/Library/Java/JavaVirtualMachines/jdk1.8.0_361.jdk/Contents/Home/jre"/>
    <property name="basedir" value="/Users/liuzongshuai/Documents/workspace/spring_cloud_03/publisher"/>
    <property name="file.separator" value="/"/>
    <property name="line.separator" value="&#10;"/>
    <property name="java.vm.specification.vendor" value="Oracle Corporation"/>
    <property name="java.specification.name" value="Java Platform API Specification"/>
    <property name="java.awt.graphicsenv" value="sun.awt.CGraphicsEnvironment"/>
    <property name="surefire.real.class.path" value="/Users/liuzongshuai/Documents/workspace/spring_cloud_03/publisher/target/surefire/surefirebooter3796476525619379666.jar"/>
    <property name="sun.boot.class.path" value="/Library/Java/JavaVirtualMachines/jdk1.8.0_361.jdk/Contents/Home/jre/lib/resources.jar:/Library/Java/JavaVirtualMachines/jdk1.8.0_361.jdk/Contents/Home/jre/lib/rt.jar:/Library/Java/JavaVirtualMachines/jdk1.8.0_361.jdk/Contents/Home/jre/lib/jsse.jar:/Library/Java/JavaVirtualMachines/jdk1.8.0_361.jdk/Contents/Home/jre/lib/jce.jar:/Library/Java/JavaVirtualMachines/jdk1.8.0_361.jdk/Contents/Home/jre/lib/charsets.jar:/Library/Java/JavaVirtualMachines/jdk1.8.0_361.jdk/Contents/Home/jre/lib/jfr.jar:/Library/Java/JavaVirtualMachines/jdk1.8.0_361.jdk/Contents/Home/jre/classes"/>
    <property name="sun.management.compiler" value="HotSpot 64-Bit Tiered Compilers"/>
    <property name="ftp.nonProxyHosts" value="local|*.local|169.254/16|*.169.254/16"/>
    <property name="java.runtime.version" value="1.8.0_361-b09"/>
    <property name="user.name" value="liuzongshuai"/>
    <property name="path.separator" value=":"/>
    <property name="os.version" value="11.6.7"/>
    <property name="java.endorsed.dirs" value="/Library/Java/JavaVirtualMachines/jdk1.8.0_361.jdk/Contents/Home/jre/lib/endorsed"/>
    <property name="java.runtime.name" value="Java(TM) SE Runtime Environment"/>
    <property name="file.encoding" value="UTF-8"/>
    <property name="java.vm.name" value="Java HotSpot(TM) 64-Bit Server VM"/>
    <property name="localRepository" value="/Users/liuzongshuai/Documents/Software/maven/maven-3.9.0/repository"/>
    <property name="java.vendor.url.bug" value="http://bugreport.sun.com/bugreport/"/>
    <property name="java.io.tmpdir" value="/var/folders/_m/_5d502656wnf0fn9y19mcxfm0000gp/T/"/>
    <property name="idea.version" value="2022.3.2"/>
    <property name="java.version" value="1.8.0_361"/>
    <property name="user.dir" value="/Users/liuzongshuai/Documents/workspace/spring_cloud_03/publisher"/>
    <property name="os.arch" value="x86_64"/>
    <property name="java.vm.specification.name" value="Java Virtual Machine Specification"/>
    <property name="java.awt.printerjob" value="sun.lwawt.macosx.CPrinterJob"/>
    <property name="sun.os.patch.level" value="unknown"/>
    <property name="java.library.path" value="/Users/liuzongshuai/Library/Java/Extensions:/Library/Java/Extensions:/Network/Library/Java/Extensions:/System/Library/Java/Extensions:/usr/lib/java:."/>
    <property name="java.vm.info" value="mixed mode"/>
    <property name="java.vendor" value="Oracle Corporation"/>
    <property name="java.vm.version" value="25.361-b09"/>
    <property name="java.specification.maintenance.version" value="4"/>
    <property name="java.ext.dirs" value="/Users/liuzongshuai/Library/Java/Extensions:/Library/Java/JavaVirtualMachines/jdk1.8.0_361.jdk/Contents/Home/jre/lib/ext:/Library/Java/Extensions:/Network/Library/Java/Extensions:/System/Library/Java/Extensions:/usr/lib/java"/>
    <property name="sun.io.unicode.encoding" value="UnicodeBig"/>
    <property name="maven.repo.local" value="/Users/liuzongshuai/Documents/Software/maven/maven-3.9.0/repository"/>
    <property name="java.class.version" value="52.0"/>
    <property name="socksNonProxyHosts" value="local|*.local|169.254/16|*.169.254/16"/>
  </properties>
  <testcase name="initializationError" classname="cn.itcast.mq.spring.SpringAmqpTest" time="0">
    <error message="Unable to find a @SpringBootConfiguration, you need to use @ContextConfiguration or @SpringBootTest(classes=...) with your test" type="java.lang.IllegalStateException">java.lang.IllegalStateException: Unable to find a @SpringBootConfiguration, you need to use @ContextConfiguration or @SpringBootTest(classes=...) with your test
</error>
  </testcase>
</testsuite>